22/05/29 01:10:36 : Username and Password not accepted. Learn more at<EOL> https://support.google.com/mail/?p=BadCredentials l8-20020adffe88000000b0020d03c14b9csm5235418wrr.1 - gsmtp<EOL>
22/05/29 01:11:37 : Username and Password not accepted. Learn more at<EOL> https://support.google.com/mail/?p=BadCredentials b16-20020a056000055000b0020d03b5c33dsm2495084wrf.46 - gsmtp<EOL>
22/05/29 01:13:06 : Username and Password not accepted. Learn more at<EOL> https://support.google.com/mail/?p=BadCredentials q4-20020adfea04000000b0020d0c48d135sm5194763wrm.15 - gsmtp<EOL>
22/05/29 01:13:09 : Username and Password not accepted. Learn more at<EOL> https://support.google.com/mail/?p=BadCredentials x5-20020a05600c21c500b0039787538c9csm6525695wmj.20 - gsmtp<EOL>
22/05/29 01:15:04 : Username and Password not accepted. Learn more at<EOL> https://support.google.com/mail/?p=BadCredentials r4-20020a1c2b04000000b003973c4bb19bsm6092156wmr.16 - gsmtp<EOL>
22/05/29 01:15:08 : Username and Password not accepted. Learn more at<EOL> https://support.google.com/mail/?p=BadCredentials s5-20020a05600c384500b0039750c29cf7sm6149074wmr.40 - gsmtp<EOL>
22/05/29 01:20:24 : Username and Password not accepted. Learn more at<EOL> https://support.google.com/mail/?p=BadCredentials e9-20020adfe389000000b0020c5253d8fcsm6218983wrm.72 - gsmtp<EOL>
22/05/29 01:21:54 : Username and Password not accepted. Learn more at<EOL> https://support.google.com/mail/?p=BadCredentials n4-20020a5d5984000000b0020c5253d8d2sm5303343wri.30 - gsmtp<EOL>
22/05/29 01:24:42 : Username and Password not accepted. Learn more at<EOL> https://support.google.com/mail/?p=BadCredentials y4-20020a056000168400b0020d10a249eesm5247882wrd.13 - gsmtp<EOL>
22/05/29 01:34:09 : Username and Password not accepted. Learn more at<EOL> https://support.google.com/mail/?p=BadCredentials n21-20020a05600c3b9500b003974860e15esm6880518wms.40 - gsmtp<EOL>
22/05/29 01:34:13 : Username and Password not accepted. Learn more at<EOL> https://support.google.com/mail/?p=BadCredentials n64-20020a1ca443000000b003973b9d0447sm7181116wme.36 - gsmtp<EOL>
22/05/29 01:34:17 : Username and Password not accepted. Learn more at<EOL> https://support.google.com/mail/?p=BadCredentials t4-20020adfdc04000000b0021024f82e01sm2542053wri.16 - gsmtp<EOL>
22/05/29 01:34:49 : Username and Password not accepted. Learn more at<EOL> https://support.google.com/mail/?p=BadCredentials h20-20020a05600c415400b003958af7d0c8sm6262832wmm.45 - gsmtp<EOL>
22/05/29 01:35:28 : Username and Password not accepted. Learn more at<EOL> https://support.google.com/mail/?p=BadCredentials t125-20020a1c4683000000b00395f15d993fsm5942845wma.5 - gsmtp<EOL>
22/05/29 01:36:49 : Username and Password not accepted. Learn more at<EOL> https://support.google.com/mail/?p=BadCredentials w9-20020adfee49000000b0020cfed0bb7fsm5330977wro.53 - gsmtp<EOL>
22/05/29 01:39:26 : Username and Password not accepted. Learn more at<EOL> https://support.google.com/mail/?p=BadCredentials l1-20020a5d6d81000000b0020e63ab5d78sm5164018wrs.26 - gsmtp<EOL>
22/05/29 01:41:44 : Username and Password not accepted. Learn more at<EOL> https://support.google.com/mail/?p=BadCredentials m19-20020a7bca53000000b003942a244ee6sm5832553wml.43 - gsmtp<EOL>
22/05/29 01:44:42 : Username and Password not accepted. Learn more at<EOL> https://support.google.com/mail/?p=BadCredentials v26-20020a05600c215a00b003974b80a98bsm5943178wml.26 - gsmtp<EOL>
22/05/29 01:45:14 : Username and Password not accepted. Learn more at<EOL> https://support.google.com/mail/?p=BadCredentials i12-20020a0560001acc00b002102d4ed579sm1005108wry.39 - gsmtp<EOL>
22/05/29 01:48:02 : Username and Password not accepted. Learn more at<EOL> https://support.google.com/mail/?p=BadCredentials i5-20020adfefc5000000b0020d00174eabsm5160677wrp.94 - gsmtp<EOL>
22/05/29 01:52:46 : Username and Password not accepted. Learn more at<EOL> https://support.google.com/mail/?p=BadCredentials b14-20020a056000054e00b0021023877ac5sm3004630wrf.107 - gsmtp<EOL>
22/05/29 01:53:46 : Username and Password not accepted. Learn more at<EOL> https://support.google.com/mail/?p=BadCredentials b4-20020adfe644000000b0020fcd1704a4sm5220994wrn.61 - gsmtp<EOL>
22/05/29 01:56:26 : Username and Password not accepted. Learn more at<EOL> https://support.google.com/mail/?p=BadCredentials p18-20020a5d48d2000000b0020fc4cd81f6sm2070044wrs.60 - gsmtp<EOL>
22/05/29 01:59:38 : Username and Password not accepted. Learn more at<EOL> https://support.google.com/mail/?p=BadCredentials 10-20020a056000154a00b0020ff4b8efc6sm5556901wry.80 - gsmtp<EOL>
22/05/29 01:59:41 : Username and Password not accepted. Learn more at<EOL> https://support.google.com/mail/?p=BadCredentials v18-20020adfebd2000000b0020c5253d8besm5204197wrn.10 - gsmtp<EOL>
